<?xml version="1.0" encoding="UTF-8"?>
<!-- Generated by org.testng.reporters.JUnitReportReporter -->
<testsuite hostname="LAPTOP-10IAH11K" failures="0" tests="1" name="testCases.TC001_AccountRegistrationTest" time="3.512" errors="0" timestamp="2024-12-15T19:15:39 IST" skipped="0">
  <testcase classname="testCases.TC001_AccountRegistrationTest" name="verify_account_registration" time="3.512"/>
</testsuite> <!-- testCases.TC001_AccountRegistrationTest -->
